<?xml version="1.0" encoding="UTF-8"?>
<testng-results skipped="0" failed="0" ignored="0" total="1" passed="1">
  <reporter-output>
  </reporter-output>
  <suite name="Default suite" duration-ms="10267" started-at="2018-07-03T06:20:25Z" finished-at="2018-07-03T06:20:35Z">
    <groups>
    </groups>
    <test name="Default test" duration-ms="10267" started-at="2018-07-03T06:20:25Z" finished-at="2018-07-03T06:20:35Z">
      <class name="selenium.TestCase2">
        <test-method status="PASS" signature="testGitHubLogin()[pri:0, instance:selenium.TestCase2@475530b9]" name="testGitHubLogin" duration-ms="10231" started-at="2018-07-03T06:20:25Z" finished-at="2018-07-03T06:20:35Z">
          <reporter-output>
          </reporter-output>
        </test-method> <!-- testGitHubLogin -->
      </class> <!-- selenium.TestCase2 -->
    </test> <!-- Default test -->
  </suite> <!-- Default suite -->
</testng-results>
